SF:lib/src/data/datasources/remote/tv_maze_datasource.dart
DA:44,1
DA:46,1
DA:48,2
DA:50,2
DA:52,3
DA:54,1
DA:55,1
DA:58,1
DA:60,1
DA:61,3
DA:63,3
DA:65,1
DA:66,1
DA:69,1
DA:71,1
DA:73,2
DA:75,3
DA:77,2
DA:78,1
DA:81,1
DA:83,2
DA:84,2
DA:87,3
DA:89,2
DA:90,1
DA:93,1
DA:95,2
DA:96,2
DA:99,3
DA:101,3
DA:102,1
LF:31
LH:31
end_of_record
SF:lib/main.dart
DA:8,0
DA:9,0
DA:10,0
DA:11,0
DA:17,10
DA:19,0
DA:21,0
DA:24,0
DA:26,0
DA:33,0
LF:10
LH:1
end_of_record
SF:lib/src/infrastructure/injection/dependency_injection.dart
DA:13,0
DA:16,0
DA:17,0
DA:18,0
DA:21,0
DA:23,0
DA:26,0
DA:27,0
DA:28,0
DA:33,0
DA:34,0
DA:36,0
DA:41,0
DA:42,0
DA:44,0
DA:45,0
DA:49,0
DA:50,0
DA:51,0
DA:53,0
DA:54,0
DA:55,0
DA:56,0
DA:58,0
DA:59,0
DA:60,0
DA:62,0
DA:63,0
DA:67,0
DA:68,0
DA:69,0
DA:70,0
DA:71,0
DA:72,0
DA:73,0
DA:76,0
DA:77,0
DA:80,0
DA:81,0
LF:39
LH:0
end_of_record
SF:lib/src/navigation/navigation_router.dart
DA:11,0
DA:13,0
DA:14,0
DA:15,0
DA:16,0
DA:17,0
DA:18,0
DA:19,0
DA:20,0
DA:22,0
DA:23,0
DA:28,0
DA:29,0
DA:31,0
DA:32,0
DA:33,0
DA:34,0
DA:37,0
LF:18
LH:0
end_of_record
SF:lib/src/data/datasources/local/favorites_local_datasource.dart
DA:19,0
DA:21,0
DA:22,0
DA:26,0
DA:28,0
DA:29,0
DA:30,0
DA:31,0
DA:33,0
DA:37,0
DA:52,0
DA:54,0
DA:57,0
DA:58,0
LF:14
LH:0
end_of_record
SF:lib/src/data/interfaces/http/http_exception.dart
DA:25,5
DA:39,0
DA:43,0
DA:57,5
DA:60,0
DA:74,0
DA:77,0
DA:91,0
DA:94,0
DA:108,0
DA:111,0
DA:125,0
DA:127,0
DA:140,0
DA:142,0
DA:155,0
DA:157,0
DA:168,0
DA:171,0
DA:181,0
DA:182,0
DA:188,0
DA:191,0
LF:23
LH:2
end_of_record
SF:lib/src/data/interfaces/http/http_response.dart
DA:17,1
DA:22,0
DA:26,0
DA:29,0
DA:30,0
LF:5
LH:1
end_of_record
SF:lib/src/data/interfaces/http/http_status.dart
DA:262,0
DA:263,0
LF:2
LH:0
end_of_record
SF:lib/src/data/models/episode_model.dart
DA:12,2
DA:28,1
DA:29,1
DA:32,2
DA:33,1
DA:34,1
DA:35,1
DA:36,1
DA:37,2
DA:38,1
DA:39,1
LF:11
LH:11
end_of_record
SF:lib/src/data/models/episode_model.g.dart
DA:9,1
DA:10,1
DA:11,2
DA:12,1
DA:13,2
DA:14,2
DA:15,1
DA:17,2
DA:18,1
DA:20,2
DA:21,1
DA:24,0
DA:25,0
DA:26,0
DA:27,0
DA:28,0
DA:29,0
DA:30,0
DA:31,0
DA:32,0
LF:20
LH:11
end_of_record
SF:lib/src/domain/entities/episode.dart
DA:10,2
LF:1
LH:1
end_of_record
SF:lib/src/data/models/image_source_model.dart
DA:10,62
DA:18,1
DA:19,1
DA:21,8
DA:22,4
DA:23,4
LF:6
LH:6
end_of_record
SF:lib/src/data/models/image_source_model.g.dart
DA:9,1
DA:11,1
DA:12,1
DA:13,1
DA:16,0
DA:18,0
DA:19,0
DA:20,0
LF:8
LH:4
end_of_record
SF:lib/src/data/models/person_model.dart
DA:12,2
DA:24,1
DA:25,1
DA:28,1
DA:29,1
DA:30,1
DA:31,1
DA:33,2
DA:34,1
LF:9
LH:9
end_of_record
SF:lib/src/data/models/person_model.g.dart
DA:9,1
DA:10,1
DA:11,2
DA:12,1
DA:14,2
DA:15,1
DA:17,2
DA:20,0
DA:21,0
DA:22,0
DA:23,0
DA:24,0
DA:25,0
LF:13
LH:7
end_of_record
SF:lib/src/data/models/schedule_model.dart
DA:11,1
DA:20,1
DA:21,1
DA:24,0
DA:25,0
DA:26,0
LF:6
LH:3
end_of_record
SF:lib/src/data/models/schedule_model.g.dart
DA:9,1
DA:10,1
DA:11,1
DA:12,4
DA:15,0
DA:16,0
DA:17,0
DA:18,0
LF:8
LH:4
end_of_record
SF:lib/src/data/models/tv_show_model.dart
DA:15,5
DA:33,1
DA:34,1
DA:37,8
DA:38,4
DA:39,4
DA:40,8
DA:41,4
DA:42,4
DA:43,4
DA:44,4
DA:45,4
DA:46,4
DA:52,0
DA:53,0
DA:54,0
DA:55,0
DA:56,0
DA:62,0
DA:63,0
DA:64,0
LF:21
LH:13
end_of_record
SF:lib/src/data/models/tv_show_model.g.dart
DA:9,1
DA:10,1
DA:11,2
DA:12,1
DA:13,1
DA:15,2
DA:16,1
DA:18,2
DA:19,1
DA:21,0
DA:22,1
DA:24,2
DA:25,1
DA:27,2
DA:28,1
DA:29,2
DA:30,1
DA:32,1
DA:35,0
DA:36,0
DA:37,0
DA:38,0
DA:39,0
DA:40,0
DA:41,0
DA:42,0
DA:43,0
DA:44,0
DA:45,0
LF:29
LH:17
end_of_record
SF:lib/src/domain/entities/schedule.dart
DA:8,0
LF:1
LH:0
end_of_record
SF:lib/src/domain/entities/tv_show.dart
DA:11,7
LF:1
LH:1
end_of_record
SF:lib/src/data/repositories/favorites_repository.dart
DA:11,0
DA:13,0
DA:16,0
DA:17,0
DA:19,0
DA:23,0
DA:28,0
DA:30,0
LF:8
LH:0
end_of_record
SF:lib/src/data/repositories/tv_maze_repository.dart
DA:10,4
DA:14,4
DA:17,8
DA:18,20
DA:20,12
DA:24,1
DA:30,2
DA:31,5
DA:33,3
DA:37,1
DA:40,2
DA:41,5
DA:43,3
DA:47,1
DA:50,2
DA:51,5
DA:53,3
DA:57,1
DA:60,2
DA:61,5
DA:63,3
LF:21
LH:21
end_of_record
SF:lib/src/domain/entities/image_source.dart
DA:5,9
LF:1
LH:1
end_of_record
SF:lib/src/domain/entities/person.dart
DA:10,2
LF:1
LH:1
end_of_record
SF:lib/src/domain/failures/http_failure.dart
DA:5,9
LF:1
LH:1
end_of_record
SF:lib/src/domain/usecases/get_actor_series_usecase.dart
DA:14,1
DA:16,1
DA:18,2
LF:3
LH:3
end_of_record
SF:lib/src/domain/usecases/get_cast_usecase.dart
DA:14,1
DA:16,1
DA:18,2
LF:3
LH:3
end_of_record
SF:lib/src/domain/usecases/get_episodes_usecase.dart
DA:14,1
DA:16,1
DA:18,2
LF:3
LH:3
end_of_record
SF:lib/src/domain/usecases/get_favorities_usecase.dart
DA:15,0
DA:17,0
DA:19,0
LF:3
LH:0
end_of_record
SF:lib/src/domain/usecases/get_tv_shows_usecase.dart
DA:14,1
DA:16,1
DA:18,2
LF:3
LH:3
end_of_record
SF:lib/src/domain/usecases/is_favorite_usecase.dart
DA:11,0
DA:13,0
DA:15,0
LF:3
LH:0
end_of_record
SF:lib/src/domain/usecases/search_tv_show_usecase.dart
DA:14,1
DA:16,1
DA:18,2
LF:3
LH:3
end_of_record
SF:lib/src/domain/usecases/toggle_favorite_usecase.dart
DA:11,0
DA:13,0
DA:15,0
LF:3
LH:0
end_of_record
SF:lib/src/presentation/pages/actor_details/actor_details_view_model.dart
DA:9,0
DA:10,0
DA:14,0
DA:15,0
DA:17,0
DA:19,0
DA:20,0
DA:21,0
DA:22,0
DA:24,0
DA:25,0
LF:11
LH:0
end_of_record
SF:lib/src/presentation/pages/actor_details/actor_details_state.dart
DA:10,0
DA:15,0
DA:19,0
DA:20,0
DA:21,0
LF:5
LH:0
end_of_record
SF:lib/src/presentation/pages/favorites/favorites_state.dart
DA:12,0
DA:14,0
DA:19,0
DA:20,0
DA:21,0
DA:22,0
LF:6
LH:0
end_of_record
SF:lib/src/presentation/pages/favorites/favorites_cubit.dart
DA:9,0
DA:10,0
DA:14,0
DA:15,0
DA:17,0
DA:19,0
DA:21,0
DA:22,0
DA:23,0
DA:24,0
DA:26,0
DA:27,0
DA:28,0
DA:31,0
DA:33,0
DA:42,0
DA:43,0
DA:45,0
DA:46,0
DA:47,0
DA:48,0
DA:49,0
DA:51,0
DA:54,0
DA:55,0
DA:57,0
DA:58,0
DA:60,0
LF:28
LH:0
end_of_record
SF:lib/src/presentation/pages/tv_show_details/tv_show_details_cubit.dart
DA:8,0
DA:13,0
DA:22,0
DA:23,0
DA:24,0
DA:27,0
DA:28,0
DA:30,0
DA:32,0
DA:33,0
DA:34,0
DA:35,0
DA:36,0
DA:44,0
DA:45,0
DA:47,0
DA:49,0
DA:50,0
DA:51,0
DA:52,0
DA:54,0
DA:55,0
DA:56,0
DA:59,0
DA:68,0
DA:69,0
DA:72,0
DA:73,0
DA:74,0
LF:29
LH:0
end_of_record
SF:lib/src/presentation/pages/tv_show_details/tv_show_details_state.dart
DA:22,0
DA:30,0
DA:37,0
DA:38,0
DA:39,0
DA:40,0
DA:41,0
DA:42,0
LF:8
LH:0
end_of_record
SF:lib/src/presentation/pages/tv_shows/tv_shows_cubit.dart
DA:9,0
DA:12,0
DA:18,0
DA:19,0
DA:20,0
DA:22,0
DA:23,0
DA:26,0
DA:28,0
DA:29,0
DA:30,0
DA:31,0
DA:32,0
DA:34,0
DA:40,0
DA:41,0
DA:42,0
DA:44,0
DA:45,0
DA:48,0
DA:50,0
DA:51,0
DA:52,0
DA:53,0
DA:54,0
DA:56,0
DA:57,0
DA:59,0
LF:28
LH:0
end_of_record
SF:lib/src/shared/constants/environment.dart
DA:10,0
DA:12,0
DA:13,0
DA:14,0
LF:4
LH:0
end_of_record
SF:lib/src/infrastructure/network/http_adapter.dart
DA:33,0
DA:40,0
DA:48,0
DA:49,0
DA:59,0
DA:69,0
DA:70,0
DA:81,0
DA:83,0
DA:86,0
DA:88,0
DA:91,0
DA:95,0
DA:98,0
DA:99,0
DA:102,0
DA:104,0
DA:105,0
DA:106,0
DA:107,0
DA:108,0
DA:109,0
DA:111,0
DA:114,0
DA:115,0
DA:116,0
DA:117,0
DA:118,0
DA:121,0
DA:122,0
DA:123,0
DA:124,0
DA:128,0
DA:129,0
DA:130,0
DA:131,0
DA:135,0
DA:137,0
DA:138,0
DA:143,0
DA:144,0
DA:146,0
DA:147,0
DA:149,0
DA:150,0
DA:151,0
DA:156,0
DA:160,0
DA:162,0
DA:164,0
DA:167,0
DA:168,0
DA:170,0
DA:173,0
DA:179,0
DA:180,0
DA:181,0
DA:184,0
DA:186,0
DA:187,0
DA:188,0
DA:189,0
DA:190,0
DA:191,0
DA:192,0
DA:195,0
DA:196,0
DA:197,0
DA:199,0
DA:205,0
DA:208,0
DA:210,0
DA:213,0
DA:216,0
DA:217,0
DA:219,0
DA:220,0
DA:224,0
DA:225,0
DA:226,0
DA:229,0
DA:238,0
DA:239,0
LF:83
LH:0
end_of_record
SF:lib/src/presentation/pages/actor_details/actor_details_page.dart
DA:15,0
DA:19,0
DA:20,0
DA:26,0
DA:28,0
DA:29,0
DA:32,0
DA:34,0
DA:35,0
DA:36,0
DA:37,0
DA:38,0
DA:40,0
DA:43,0
DA:44,0
DA:45,0
DA:46,0
DA:47,0
DA:49,0
DA:50,0
DA:51,0
DA:55,0
DA:58,0
DA:60,0
DA:64,0
DA:66,0
DA:67,0
DA:68,0
DA:69,0
DA:75,0
DA:76,0
DA:77,0
DA:78,0
DA:84,0
DA:88,0
DA:89,0
DA:90,0
DA:91,0
DA:92,0
DA:93,0
DA:96,0
DA:97,0
DA:98,0
DA:102,0
LF:44
LH:0
end_of_record
SF:lib/src/presentation/pages/episode_details/episode_details_dialog.dart
DA:9,0
DA:13,0
DA:15,0
DA:16,0
DA:17,0
DA:18,0
DA:19,0
DA:21,0
DA:22,0
DA:23,0
DA:24,0
DA:25,0
DA:26,0
DA:27,0
DA:29,0
DA:31,0
DA:32,0
DA:34,0
DA:35,0
DA:36,0
DA:43,0
DA:45,0
DA:48,0
DA:49,0
DA:50,0
DA:56,0
DA:57,0
DA:58,0
DA:64,0
DA:65,0
DA:71,0
DA:72,0
DA:73,0
LF:33
LH:0
end_of_record
SF:lib/src/presentation/pages/home/home_page.dart
DA:11,0
DA:13,0
DA:14,0
DA:22,0
DA:24,0
DA:25,0
DA:26,0
DA:27,0
DA:28,0
DA:29,0
DA:32,0
DA:33,0
DA:34,0
DA:37,0
DA:42,0
DA:47,0
DA:48,0
DA:49,0
LF:18
LH:0
end_of_record
SF:lib/src/presentation/pages/tv_show_details/tv_show_details_page.dart
DA:13,0
DA:17,0
DA:18,0
DA:26,0
DA:28,0
DA:29,0
DA:30,0
DA:33,0
DA:34,0
DA:35,0
DA:36,0
DA:40,0
DA:42,0
DA:44,0
DA:45,0
DA:46,0
DA:47,0
DA:48,0
DA:49,0
DA:50,0
DA:52,0
DA:53,0
DA:54,0
DA:58,0
DA:61,0
DA:62,0
DA:64,0
DA:65,0
DA:66,0
DA:69,0
DA:71,0
DA:72,0
DA:73,0
DA:77,0
DA:78,0
DA:83,0
DA:84,0
DA:87,0
DA:89,0
DA:90,0
DA:91,0
DA:93,0
DA:95,0
DA:96,0
DA:97,0
DA:98,0
DA:109,0
DA:110,0
DA:111,0
DA:113,0
DA:114,0
DA:115,0
DA:116,0
DA:117,0
DA:122,0
DA:123,0
DA:124,0
DA:125,0
DA:126,0
DA:127,0
DA:128,0
DA:129,0
DA:133,0
DA:134,0
DA:135,0
DA:139,0
DA:141,0
DA:150,0
DA:151,0
DA:153,0
DA:158,0
DA:159,0
DA:160,0
DA:161,0
DA:169,0
DA:171,0
DA:174,0
DA:177,0
DA:178,0
DA:179,0
DA:180,0
DA:185,0
DA:186,0
DA:187,0
DA:188,0
DA:189,0
DA:198,0
DA:199,0
DA:200,0
DA:202,0
DA:204,0
DA:205,0
LF:92
LH:0
end_of_record
SF:lib/src/presentation/i18n/translations_manager.dart
DA:8,0
DA:10,0
DA:16,0
LF:3
LH:0
end_of_record
SF:lib/src/presentation/widgets/tv_shows_list.dart
DA:10,0
DA:26,0
DA:27,0
DA:33,0
DA:35,0
DA:36,0
DA:37,0
DA:38,0
DA:41,0
DA:44,0
DA:46,0
DA:47,0
DA:48,0
DA:52,0
DA:55,0
DA:56,0
DA:57,0
LF:17
LH:0
end_of_record
SF:lib/src/shared/utils/string_utils.dart
DA:2,0
DA:3,0
DA:9,0
LF:3
LH:0
end_of_record
SF:lib/src/presentation/pages/favorites/favorites_page.dart
DA:13,0
DA:15,0
DA:16,0
DA:26,0
DA:28,0
DA:29,0
DA:32,0
DA:34,0
DA:35,0
DA:36,0
DA:37,0
DA:38,0
DA:39,0
DA:45,0
DA:50,0
DA:51,0
DA:52,0
DA:53,0
DA:54,0
DA:55,0
DA:58,0
DA:59,0
DA:60,0
DA:62,0
DA:65,0
DA:66,0
DA:67,0
DA:69,0
DA:71,0
DA:72,0
DA:75,0
DA:77,0
DA:79,0
DA:81,0
DA:82,0
DA:83,0
DA:88,0
DA:90,0
DA:91,0
DA:92,0
DA:93,0
DA:94,0
DA:99,0
DA:100,0
DA:101,0
DA:102,0
DA:103,0
DA:106,0
DA:107,0
DA:108,0
DA:109,0
DA:110,0
DA:111,0
DA:112,0
DA:117,0
DA:118,0
LF:56
LH:0
end_of_record
SF:lib/src/presentation/widgets/loading_with_text.dart
DA:8,0
DA:16,0
DA:18,0
DA:19,0
DA:21,0
DA:22,0
DA:23,0
DA:26,0
DA:27,0
DA:28,0
DA:29,0
LF:11
LH:0
end_of_record
SF:lib/src/presentation/widgets/tv_shows_empty.dart
DA:8,0
DA:13,0
DA:15,0
DA:16,0
DA:17,0
DA:18,0
DA:19,0
LF:7
LH:0
end_of_record
SF:lib/src/presentation/pages/tv_shows/tv_shows_page.dart
DA:14,0
DA:16,0
DA:17,0
DA:28,0
DA:30,0
DA:31,0
DA:34,0
DA:35,0
DA:36,0
DA:39,0
DA:41,0
DA:42,0
DA:43,0
DA:44,0
DA:45,0
DA:50,0
DA:51,0
DA:52,0
DA:57,0
DA:58,0
DA:59,0
DA:60,0
DA:61,0
DA:64,0
DA:65,0
DA:66,0
DA:67,0
DA:69,0
DA:72,0
DA:73,0
DA:74,0
DA:76,0
DA:78,0
DA:79,0
DA:82,0
DA:84,0
DA:86,0
DA:88,0
DA:89,0
DA:90,0
DA:91,0
DA:96,0
DA:98,0
DA:99,0
DA:100,0
DA:101,0
DA:102,0
DA:109,0
DA:110,0
DA:111,0
DA:113,0
DA:114,0
DA:115,0
DA:116,0
DA:117,0
DA:118,0
DA:119,0
DA:120,0
DA:121,0
DA:126,0
DA:127,0
DA:128,0
DA:130,0
DA:131,0
DA:137,0
DA:138,0
DA:140,0
LF:67
LH:0
end_of_record
SF:lib/src/presentation/pages/tv_show_details/widgets/cast_section.dart
DA:9,0
DA:13,0
DA:15,0
DA:16,0
DA:18,0
DA:20,0
DA:21,0
DA:23,0
DA:28,0
DA:29,0
DA:30,0
DA:31,0
DA:32,0
DA:33,0
DA:34,0
DA:35,0
DA:41,0
DA:42,0
DA:43,0
DA:46,0
DA:47,0
DA:50,0
LF:22
LH:0
end_of_record
SF:lib/src/presentation/pages/tv_show_details/widgets/episodes_section.dart
DA:11,0
DA:16,0
DA:18,0
DA:19,0
DA:20,0
DA:22,0
DA:23,0
DA:25,0
DA:30,0
DA:31,0
DA:32,0
DA:33,0
DA:34,0
DA:35,0
DA:36,0
DA:37,0
DA:43,0
DA:44,0
DA:45,0
DA:48,0
DA:49,0
DA:52,0
LF:22
LH:0
end_of_record
SF:lib/src/presentation/pages/tv_show_details/widgets/cast_item.dart
DA:8,0
DA:12,0
DA:14,0
DA:15,0
DA:16,0
DA:19,0
DA:22,0
DA:23,0
DA:24,0
DA:26,0
DA:27,0
DA:29,0
DA:32,0
DA:33,0
DA:34,0
LF:15
LH:0
end_of_record
SF:lib/src/presentation/pages/tv_show_details/widgets/cast_list.dart
DA:8,0
DA:12,0
DA:14,0
DA:15,0
DA:18,0
DA:19,0
DA:20,0
DA:22,0
DA:23,0
LF:9
LH:0
end_of_record
SF:lib/src/presentation/pages/tv_show_details/widgets/episode_image_placeholder.dart
DA:4,0
DA:6,0
DA:8,0
DA:9,0
DA:10,0
DA:12,0
DA:13,0
DA:14,0
DA:15,0
DA:16,0
DA:17,0
LF:11
LH:0
end_of_record
SF:lib/src/presentation/pages/tv_show_details/widgets/episode_item.dart
DA:11,0
DA:16,0
DA:18,0
DA:19,0
DA:20,0
DA:23,0
DA:26,0
DA:28,0
DA:29,0
DA:30,0
DA:33,0
DA:34,0
DA:35,0
DA:36,0
DA:37,0
DA:38,0
DA:39,0
DA:40,0
DA:41,0
DA:42,0
DA:44,0
DA:47,0
DA:48,0
DA:49,0
DA:50,0
DA:51,0
DA:54,0
DA:55,0
DA:56,0
LF:29
LH:0
end_of_record
SF:lib/src/presentation/pages/tv_show_details/widgets/episodes_list.dart
DA:8,0
DA:12,0
DA:16,0
DA:17,0
DA:18,0
DA:20,0
DA:21,0
DA:22,0
DA:24,0
DA:30,0
DA:33,0
DA:34,0
DA:36,0
DA:37,0
DA:38,0
DA:39,0
DA:44,0
DA:45,0
DA:47,0
DA:49,0
DA:50,0
DA:51,0
DA:52,0
DA:53,0
DA:54,0
DA:56,0
DA:59,0
DA:65,0
LF:28
LH:0
end_of_record
SF:lib/src/presentation/widgets/back_button.dart
DA:6,0
DA:14,0
DA:16,0
DA:17,0
DA:19,0
LF:5
LH:0
end_of_record
SF:lib/src/presentation/widgets/tv_show_empty_placeholder.dart
DA:6,0
DA:8,0
DA:10,0
DA:11,0
DA:14,0
DA:17,0
DA:19,0
DA:20,0
DA:21,0
LF:9
LH:0
end_of_record
SF:lib/src/presentation/widgets/tv_show_item.dart
DA:13,0
DA:18,0
DA:19,0
DA:25,0
DA:27,0
DA:28,0
DA:29,0
DA:31,0
DA:34,0
DA:35,0
DA:38,0
DA:39,0
DA:40,0
DA:41,0
DA:42,0
DA:44,0
DA:45,0
DA:46,0
DA:50,0
DA:52,0
DA:53,0
DA:54,0
DA:55,0
DA:57,0
DA:58,0
DA:59,0
DA:60,0
DA:61,0
LF:28
LH:0
end_of_record
